INFO:aiogram.dispatcher:Start polling
INFO:aiogram.dispatcher:Run polling for bot @avtoxabarchiman_bot id=8308326956 - 'Avto xabar'
INFO:aiogram.event:Update id=96487317 is handled. Duration 1328 ms by bot id=8308326956
INFO:aiogram.event:Update id=96487318 is handled. Duration 418 ms by bot id=8308326956
INFO:aiogram.event:Update id=96487319 is handled. Duration 204 ms by bot id=8308326956
INFO:telethon.network.mtprotosender:Connecting to 149.154.167.51:443/TcpFull...
INFO:telethon.network.mtprotosender:Connection to 149.154.167.51:443/TcpFull complete!
INFO:aiogram.event:Update id=96487320 is not handled. Duration 1842 ms by bot id=8308326956
ERROR:aiogram.event:Cause exception while process update id=96487320 by bot id=8308326956
TelegramBadRequest: Telegram server says - Bad Request: can't parse entities: Can't find end of the entity starting at byte offset 89
Traceback (most recent call last):
  File "/home/it/Desktop/avtohabar/venv/lib/python3.13/site-packages/aiogram/dispatcher/dispatcher.py", line 320, in _process_update
    response = await self.feed_update(bot, update, **kwargs)
               ^^^^^^^^^^^^^^^^^^^^^^^^^^^^^^^^^^^^^^^^^^^^^
  File "/home/it/Desktop/avtohabar/venv/lib/python3.13/site-packages/aiogram/dispatcher/dispatcher.py", line 164, in feed_update
    response = await self.update.wrap_outer_middleware(
               ^^^^^^^^^^^^^^^^^^^^^^^^^^^^^^^^^^^^^^^^
    ...<7 lines>...
    )
    ^
  File "/home/it/Desktop/avtohabar/venv/lib/python3.13/site-packages/aiogram/dispatcher/middlewares/error.py", line 27, in __call__
    return await handler(event, data)
           ^^^^^^^^^^^^^^^^^^^^^^^^^^
  File "/home/it/Desktop/avtohabar/venv/lib/python3.13/site-packages/aiogram/dispatcher/middlewares/user_context.py", line 58, in __call__
    return await handler(event, data)
           ^^^^^^^^^^^^^^^^^^^^^^^^^^
  File "/home/it/Desktop/avtohabar/venv/lib/python3.13/site-packages/aiogram/fsm/middleware.py", line 43, in __call__
    return await handler(event, data)
           ^^^^^^^^^^^^^^^^^^^^^^^^^^
  File "/home/it/Desktop/avtohabar/venv/lib/python3.13/site-packages/aiogram/dispatcher/event/telegram.py", line 126, in trigger
    return await wrapped_inner(event, kwargs)
           ^^^^^^^^^^^^^^^^^^^^^^^^^^^^^^^^^^
  File "/home/it/Desktop/avtohabar/venv/lib/python3.13/site-packages/aiogram/dispatcher/event/handler.py", line 71, in call
    return await wrapped()
           ^^^^^^^^^^^^^^^
  File "/home/it/Desktop/avtohabar/venv/lib/python3.13/site-packages/aiogram/dispatcher/dispatcher.py", line 283, in _listen_update
    return await self.propagate_event(update_type=update_type, event=event, **kwargs)
           ^^^^^^^^^^^^^^^^^^^^^^^^^^^^^^^^^^^^^^^^^^^^^^^^^^^^^^^^^^^^^^^^^^^^^^^^^^
  File "/home/it/Desktop/avtohabar/venv/lib/python3.13/site-packages/aiogram/dispatcher/router.py", line 161, in propagate_event
    return await observer.wrap_outer_middleware(_wrapped, event=event, data=kwargs)
           ^^^^^^^^^^^^^^^^^^^^^^^^^^^^^^^^^^^^^^^^^^^^^^^^^^^^^^^^^^^^^^^^^^^^^^^^
  File "/home/it/Desktop/avtohabar/venv/lib/python3.13/site-packages/aiogram/dispatcher/router.py", line 153, in _wrapped
    return await self._propagate_event(
           ^^^^^^^^^^^^^^^^^^^^^^^^^^^^
    ...<4 lines>...
    )
    ^
  File "/home/it/Desktop/avtohabar/venv/lib/python3.13/site-packages/aiogram/dispatcher/router.py", line 181, in _propagate_event
    response = await observer.trigger(event, **kwargs)
               ^^^^^^^^^^^^^^^^^^^^^^^^^^^^^^^^^^^^^^^
  File "/home/it/Desktop/avtohabar/venv/lib/python3.13/site-packages/aiogram/dispatcher/event/telegram.py", line 126, in trigger
    return await wrapped_inner(event, kwargs)
           ^^^^^^^^^^^^^^^^^^^^^^^^^^^^^^^^^^
  File "/home/it/Desktop/avtohabar/venv/lib/python3.13/site-packages/aiogram/dispatcher/event/handler.py", line 71, in call
    return await wrapped()
           ^^^^^^^^^^^^^^^
  File "/home/it/Desktop/avtohabar/main.py", line 665, in admin_user_detail
    await callback.message.answer(text, parse_mode="Markdown")
  File "/home/it/Desktop/avtohabar/venv/lib/python3.13/site-packages/aiogram/methods/base.py", line 82, in emit
    return await bot(self)
           ^^^^^^^^^^^^^^^
  File "/home/it/Desktop/avtohabar/venv/lib/python3.13/site-packages/aiogram/client/bot.py", line 487, in __call__
    return await self.session(self, method, timeout=request_timeout)
           ^^^^^^^^^^^^^^^^^^^^^^^^^^^^^^^^^^^^^^^^^^^^^^^^^^^^^^^^^
  File "/home/it/Desktop/avtohabar/venv/lib/python3.13/site-packages/aiogram/client/session/base.py", line 259, in __call__
    return cast(TelegramType, await middleware(bot, method))
                              ^^^^^^^^^^^^^^^^^^^^^^^^^^^^^
  File "/home/it/Desktop/avtohabar/venv/lib/python3.13/site-packages/aiogram/client/session/aiohttp.py", line 177, in make_request
    response = self.check_response(
        bot=bot,
    ...<2 lines>...
        content=raw_result,
    )
  File "/home/it/Desktop/avtohabar/venv/lib/python3.13/site-packages/aiogram/client/session/base.py", line 121, in check_response
    raise TelegramBadRequest(method=method, message=description)
aiogram.exceptions.TelegramBadRequest: Telegram server says - Bad Request: can't parse entities: Can't find end of the entity starting at byte offset 89
WARNING:aiogram.dispatcher:Received SIGTERM signal
INFO:aiogram.dispatcher:Polling stopped for bot @avtoxabarchiman_bot id=8308326956 - 'Avto xabar'
INFO:aiogram.dispatcher:Polling stopped
Bot ishga tushdi...
